[2022-01-25T12:43:49.929] [DEBUG] cheese - login => username:12,password:1212
[2022-01-25T12:43:49.943] [DEBUG] cheese - 12
[2022-01-25T12:43:50.084] [DEBUG] cheese - null
[2022-01-25T12:43:50.085] [DEBUG] cheese - null
[2022-01-25T12:44:16.326] [DEBUG] cheese - login => username:admin,password:123456
[2022-01-25T12:44:16.327] [DEBUG] cheese - admin
[2022-01-25T12:44:16.402] [DEBUG] cheese - null
[2022-01-25T12:44:16.403] [DEBUG] cheese - null
[2022-01-26T09:38:24.386] [DEBUG] cheese - login => username:admin,password:123456
[2022-01-26T09:38:24.396] [DEBUG] cheese - admin
[2022-01-26T09:38:24.747] [DEBUG] cheese - null
[2022-01-26T09:38:24.748] [DEBUG] cheese - null
[2022-01-26T09:38:51.395] [DEBUG] cheese - login => username:admin1,password:123456
[2022-01-26T09:38:51.396] [DEBUG] cheese - admin1
[2022-01-26T09:38:51.400] [DEBUG] cheese - null
[2022-01-26T09:38:51.400] [DEBUG] cheese - null
[2022-01-26T09:38:55.247] [DEBUG] cheese - login => username:admin,password:123456
[2022-01-26T09:38:55.247] [DEBUG] cheese - admin
[2022-01-26T09:38:55.261] [DEBUG] cheese - null
[2022-01-26T09:38:55.262] [DEBUG] cheese - null
[2022-01-27T15:13:44.804] [DEBUG] cheese - login => username:admin,password:123456
[2022-01-27T15:13:44.890] [DEBUG] cheese - admin
[2022-01-27T15:13:45.243] [DEBUG] cheese - null
[2022-01-27T15:13:45.244] [DEBUG] cheese - null
[2022-01-28T09:21:04.046] [DEBUG] cheese - login => username:admin,password:123456
[2022-01-28T09:21:04.055] [DEBUG] cheese - admin
[2022-01-28T09:21:04.327] [DEBUG] cheese - null
[2022-01-28T09:21:04.328] [DEBUG] cheese - null
[2022-01-28T10:19:12.680] [DEBUG] cheese - login => username:admin,password:123456
[2022-01-28T10:19:12.685] [DEBUG] cheese - admin
[2022-01-28T10:19:12.703] [DEBUG] cheese - null
[2022-01-28T10:19:12.703] [DEBUG] cheese - null
[2022-01-28T10:34:13.246] [DEBUG] cheese - login => username:admin,password:123456
[2022-01-28T10:34:13.247] [DEBUG] cheese - admin
[2022-01-28T10:34:13.253] [DEBUG] cheese - null
[2022-01-28T10:34:13.253] [DEBUG] cheese - null
[2022-01-28T10:34:17.194] [DEBUG] cheese - login => username:admin,password:1234561
[2022-01-28T10:34:17.194] [DEBUG] cheese - admin
[2022-01-28T10:34:17.209] [DEBUG] cheese - null
[2022-01-28T10:34:17.209] [DEBUG] cheese - null
[2022-01-28T11:02:56.097] [DEBUG] cheese - login => username:1231,password:123456
[2022-01-28T11:02:56.098] [DEBUG] cheese - 1231
[2022-01-28T11:02:56.109] [DEBUG] cheese - null
[2022-01-28T11:02:56.109] [DEBUG] cheese - null
[2022-01-28T11:03:02.851] [DEBUG] cheese - login => username:admin,password:123456
[2022-01-28T11:03:02.853] [DEBUG] cheese - admin
[2022-01-28T11:03:02.861] [DEBUG] cheese - null
[2022-01-28T11:03:02.862] [DEBUG] cheese - null
[2022-01-28T11:03:52.625] [DEBUG] cheese - login => username:admin,password:123456
[2022-01-28T11:03:52.626] [DEBUG] cheese - admin
[2022-01-28T11:03:52.632] [DEBUG] cheese - null
[2022-01-28T11:03:52.633] [DEBUG] cheese - null
[2022-01-28T11:04:46.199] [DEBUG] cheese - login => username:admin,password:123456
[2022-01-28T11:04:46.199] [DEBUG] cheese - admin
[2022-01-28T11:04:46.259] [DEBUG] cheese - null
[2022-01-28T11:04:46.259] [DEBUG] cheese - null
[2022-01-28T11:07:36.047] [DEBUG] cheese - login => username:admin,password:123456
[2022-01-28T11:07:36.048] [DEBUG] cheese - admin
[2022-01-28T11:07:36.058] [DEBUG] cheese - null
[2022-01-28T11:07:36.058] [DEBUG] cheese - null
[2022-01-28T12:20:21.556] [DEBUG] cheese - login => username:admin,password:123456
[2022-01-28T12:20:21.558] [DEBUG] cheese - admin
[2022-01-28T12:20:21.595] [DEBUG] cheese - null
[2022-01-28T12:20:21.595] [DEBUG] cheese - null
[2022-01-28T12:21:56.931] [DEBUG] cheese - login => username:admin,password:123456
[2022-01-28T12:21:56.931] [DEBUG] cheese - admin
[2022-01-28T12:21:56.956] [DEBUG] cheese - null
[2022-01-28T12:21:56.956] [DEBUG] cheese - null
[2022-01-28T12:22:10.669] [DEBUG] cheese - login => username:admin,password:123456
[2022-01-28T12:22:10.670] [DEBUG] cheese - admin
[2022-01-28T12:22:10.684] [DEBUG] cheese - null
[2022-01-28T12:22:10.684] [DEBUG] cheese - null
[2022-01-28T12:22:17.362] [DEBUG] cheese - login => username:admin,password:123456
[2022-01-28T12:22:17.363] [DEBUG] cheese - admin
[2022-01-28T12:22:17.367] [DEBUG] cheese - null
[2022-01-28T12:22:17.367] [DEBUG] cheese - null
[2022-01-28T12:23:04.127] [DEBUG] cheese - login => username:admin,password:123456
[2022-01-28T12:23:04.128] [DEBUG] cheese - admin
[2022-01-28T12:23:04.137] [DEBUG] cheese - null
[2022-01-28T12:23:04.137] [DEBUG] cheese - null
[2022-01-28T12:25:04.858] [DEBUG] cheese - login => username:admin,password:123456
[2022-01-28T12:25:04.858] [DEBUG] cheese - admin
[2022-01-28T12:25:04.870] [DEBUG] cheese - null
[2022-01-28T12:25:04.871] [DEBUG] cheese - null
[2022-01-28T12:25:07.457] [DEBUG] cheese - login => username:admin,password:123456
[2022-01-28T12:25:07.458] [DEBUG] cheese - admin
[2022-01-28T12:25:07.480] [DEBUG] cheese - null
[2022-01-28T12:25:07.481] [DEBUG] cheese - null
[2022-01-28T12:26:17.703] [DEBUG] cheese - login => username:admin,password:123456
[2022-01-28T12:26:17.703] [DEBUG] cheese - admin
[2022-01-28T12:26:17.713] [DEBUG] cheese - null
[2022-01-28T12:26:17.713] [DEBUG] cheese - null
[2022-01-28T12:27:22.127] [DEBUG] cheese - login => username:admin,password:123456
[2022-01-28T12:27:22.128] [DEBUG] cheese - admin
[2022-01-28T12:27:22.136] [DEBUG] cheese - null
[2022-01-28T12:27:22.136] [DEBUG] cheese - null
[2022-01-28T12:27:27.159] [DEBUG] cheese - login => username:admin,password:123456
[2022-01-28T12:27:27.159] [DEBUG] cheese - admin
[2022-01-28T12:27:27.174] [DEBUG] cheese - null
[2022-01-28T12:27:27.174] [DEBUG] cheese - null
[2022-01-28T13:07:05.712] [DEBUG] cheese - login => username:admin,password:123456
[2022-01-28T13:07:05.715] [DEBUG] cheese - admin
[2022-01-28T13:07:05.820] [DEBUG] cheese - null
[2022-01-28T13:07:05.820] [DEBUG] cheese - null
